{
  "RSpec": {
    "coverage": {
      "/Users/JoshuaRinard/Desktop/stackoverflow_rails-master/spec/controllers/answers_controller_spec.rb": [
        1,
        1,
        null,
        null
      ],
      "/Users/JoshuaRinard/Desktop/stackoverflow_rails-master/spec/rails_helper.rb": [
        null,
        1,
        1,
        null,
        1,
        1,
        1,
        null,
        null,
        null,
        null,
        null,
        null,
        null,
        null,
        null,
        null,
        null,
        null,
        null,
        null,
        null,
        null,
        null,
        null,
        null,
        1,
        null,
        1,
        null,
        1,
        null,
        null,
        null,
        null,
        1,
        null,
        null,
        null,
        null,
        null,
        null,
        null,
        null,
        null,
        null,
        null,
        null,
        null,
        null,
        1,
        null,
        null,
        1,
        null,
        null,
        null,
        null,
        1,
        1,
        1,
        1,
        null,
        null
      ],
      "/Users/JoshuaRinard/Desktop/stackoverflow_rails-master/config/environment.rb": [
        null,
        1,
        null,
        null,
        1
      ],
      "/Users/JoshuaRinard/Desktop/stackoverflow_rails-master/config/application.rb": [
        1,
        null,
        1,
        null,
        1,
        1,
        1,
        1,
        1,
        1,
        1,
        1,
        null,
        null,
        null,
        null,
        1,
        null,
        1,
        1,
        null,
        null,
        null,
        null,
        null
      ],
      "/Users/JoshuaRinard/Desktop/stackoverflow_rails-master/config/boot.rb": [
        1,
        null,
        1
      ],
      "/Users/JoshuaRinard/Desktop/stackoverflow_rails-master/config/environments/test.rb": [
        1,
        null,
        null,
        null,
        null,
        null,
        null,
        1,
        null,
        null,
        null,
        null,
        1,
        null,
        null,
        1,
        1,
        null,
        null,
        null,
        null,
        1,
        1,
        null,
        null,
        1,
        null,
        null,
        1,
        1,
        null,
        null,
        null,
        null,
        1,
        null,
        null,
        1,
        null,
        null,
        null,
        null
      ],
      "/Users/JoshuaRinard/Desktop/stackoverflow_rails-master/config/initializers/application_controller_renderer.rb": [
        null,
        null,
        null,
        null,
        null,
        null
      ],
      "/Users/JoshuaRinard/Desktop/stackoverflow_rails-master/config/initializers/assets.rb": [
        null,
        null,
        null,
        1,
        null,
        null,
        null,
        null,
        null,
        null,
        null
      ],
      "/Users/JoshuaRinard/Desktop/stackoverflow_rails-master/config/initializers/backtrace_silencers.rb": [
        null,
        null,
        null,
        null,
        null,
        null,
        null
      ],
      "/Users/JoshuaRinard/Desktop/stackoverflow_rails-master/config/initializers/cookies_serializer.rb": [
        null,
        null,
        null,
        null,
        1
      ],
      "/Users/JoshuaRinard/Desktop/stackoverflow_rails-master/config/initializers/filter_parameter_logging.rb": [
        null,
        null,
        null,
        1
      ],
      "/Users/JoshuaRinard/Desktop/stackoverflow_rails-master/config/initializers/inflections.rb": [
        null,
        null,
        null,
        null,
        null,
        null,
        null,
        null,
        null,
        null,
        null,
        null,
        null,
        null,
        null,
        null
      ],
      "/Users/JoshuaRinard/Desktop/stackoverflow_rails-master/config/initializers/mime_types.rb": [
        null,
        null,
        null,
        null
      ],
      "/Users/JoshuaRinard/Desktop/stackoverflow_rails-master/config/initializers/new_framework_defaults.rb": [
        null,
        null,
        null,
        null,
        null,
        null,
        null,
        1,
        null,
        null,
        1,
        null,
        null,
        null,
        1,
        null,
        null,
        1,
        null,
        null,
        1,
        null,
        null,
        1
      ],
      "/Users/JoshuaRinard/Desktop/stackoverflow_rails-master/config/initializers/session_store.rb": [
        null,
        null,
        1
      ],
      "/Users/JoshuaRinard/Desktop/stackoverflow_rails-master/config/initializers/wrap_parameters.rb": [
        null,
        null,
        null,
        null,
        null,
        null,
        1,
        2,
        null,
        null,
        null,
        null,
        null,
        null
      ],
      "/Users/JoshuaRinard/Desktop/stackoverflow_rails-master/app/channels/application_cable/channel.rb": [
        1,
        1,
        null,
        null
      ],
      "/Users/JoshuaRinard/Desktop/stackoverflow_rails-master/app/channels/application_cable/connection.rb": [
        1,
        1,
        null,
        null
      ],
      "/Users/JoshuaRinard/Desktop/stackoverflow_rails-master/app/controllers/answers_controller.rb": [
        1,
        null,
        1,
        3,
        3,
        null,
        null,
        1,
        3,
        3,
        3,
        3,
        3,
        3,
        null,
        0,
        0,
        null,
        null,
        null,
        1,
        1,
        1,
        1,
        null,
        null,
        1,
        1,
        1,
        1,
        1,
        1,
        null,
        0,
        null,
        null,
        null,
        1,
        1,
        1,
        1,
        1,
        1,
        null,
        null,
        1,
        1,
        4,
        null,
        null
      ],
      "/Users/JoshuaRinard/Desktop/stackoverflow_rails-master/app/controllers/application_controller.rb": [
        1,
        1,
        null,
        1,
        null,
        154,
        null,
        null,
        null,
        1,
        null,
        1,
        null,
        1,
        1,
        53,
        2,
        null,
        null,
        null,
        null
      ],
      "/Users/JoshuaRinard/Desktop/stackoverflow_rails-master/app/helpers/application_helper.rb": [
        1,
        null
      ],
      "/Users/JoshuaRinard/Desktop/stackoverflow_rails-master/app/helpers/answers_helper.rb": [
        1,
        null
      ],
      "/Users/JoshuaRinard/Desktop/stackoverflow_rails-master/app/helpers/questions_helper.rb": [
        1,
        null
      ],
      "/Users/JoshuaRinard/Desktop/stackoverflow_rails-master/app/helpers/sessions_helper.rb": [
        1,
        null
      ],
      "/Users/JoshuaRinard/Desktop/stackoverflow_rails-master/app/helpers/users_helper.rb": [
        1,
        null
      ],
      "/Users/JoshuaRinard/Desktop/stackoverflow_rails-master/app/controllers/questions_controller.rb": [
        1,
        null,
        1,
        17,
        null,
        null,
        null,
        null,
        1,
        10,
        10,
        0,
        0,
        0,
        null,
        10,
        0,
        0,
        0,
        null,
        null,
        null,
        1,
        6,
        null,
        null,
        1,
        6,
        6,
        6,
        6,
        6,
        null,
        0,
        null,
        null,
        null,
        1,
        1,
        null,
        null,
        1,
        1,
        1,
        1,
        1,
        null,
        0,
        null,
        null,
        null,
        1,
        1,
        1,
        1,
        1,
        null,
        null,
        null,
        1,
        1,
        7,
        null,
        null
      ],
      "/Users/JoshuaRinard/Desktop/stackoverflow_rails-master/app/controllers/sessions_controller.rb": [
        1,
        1,
        null,
        1,
        15,
        null,
        null,
        1,
        null,
        10,
        null,
        10,
        null,
        9,
        null,
        9,
        null,
        9,
        null,
        null,
        1,
        1,
        null,
        null,
        1,
        1,
        1,
        1,
        null,
        null
      ],
      "/Users/JoshuaRinard/Desktop/stackoverflow_rails-master/app/controllers/users_controller.rb": [
        1,
        1,
        null,
        1,
        null,
        null,
        1,
        null,
        null,
        1,
        7,
        null,
        null,
        1,
        1,
        1,
        1,
        1,
        null,
        0,
        0,
        null,
        null,
        null,
        1,
        1,
        1,
        null,
        null
      ],
      "/Users/JoshuaRinard/Desktop/stackoverflow_rails-master/app/jobs/application_job.rb": [
        1,
        null
      ],
      "/Users/JoshuaRinard/Desktop/stackoverflow_rails-master/app/mailers/application_mailer.rb": [
        1,
        1,
        1,
        null
      ],
      "/Users/JoshuaRinard/Desktop/stackoverflow_rails-master/app/models/answer.rb": [
        1,
        1,
        1,
        1,
        null,
        1,
        null
      ],
      "/Users/JoshuaRinard/Desktop/stackoverflow_rails-master/app/models/application_record.rb": [
        1,
        1,
        null
      ],
      "/Users/JoshuaRinard/Desktop/stackoverflow_rails-master/app/models/question.rb": [
        1,
        1,
        1,
        null,
        1,
        null,
        null
      ],
      "/Users/JoshuaRinard/Desktop/stackoverflow_rails-master/app/models/user.rb": [
        1,
        1,
        1,
        1,
        1,
        1,
        1,
        1,
        1,
        null,
        1,
        10,
        10,
        null,
        null,
        1,
        10,
        10,
        9,
        null,
        null,
        null,
        null,
        null
      ],
      "/Users/JoshuaRinard/Desktop/stackoverflow_rails-master/spec/factories.rb": [
        1,
        1,
        1,
        1,
        1,
        1,
        null,
        null
      ],
      "/Users/JoshuaRinard/Desktop/stackoverflow_rails-master/config/routes.rb": [
        1,
        null,
        1,
        null,
        1,
        1,
        1,
        null,
        null,
        1,
        null,
        1,
        1,
        null,
        null,
        null
      ],
      "/Users/JoshuaRinard/Desktop/stackoverflow_rails-master/spec/controllers/questions_controller_spec.rb": [
        1,
        null,
        1,
        null,
        null,
        null
      ],
      "/Users/JoshuaRinard/Desktop/stackoverflow_rails-master/spec/controllers/sessions_controller_spec.rb": [
        1,
        null,
        1,
        null,
        null
      ],
      "/Users/JoshuaRinard/Desktop/stackoverflow_rails-master/spec/controllers/users_controller_spec.rb": [
        1,
        null,
        1,
        null,
        null,
        null
      ],
      "/Users/JoshuaRinard/Desktop/stackoverflow_rails-master/spec/features/answer_pages_spec.rb": [
        1,
        null,
        1,
        1,
        1,
        1,
        1,
        1,
        1,
        1,
        1,
        1,
        1,
        1,
        1,
        1,
        1,
        1,
        null,
        null,
        null,
        1,
        1,
        1,
        1,
        1,
        1,
        1,
        1,
        1,
        1,
        1,
        1,
        1,
        1,
        1,
        1,
        1,
        1,
        1,
        null,
        null,
        null,
        1,
        1,
        1,
        1,
        1,
        1,
        1,
        1,
        1,
        1,
        1,
        1,
        1,
        1,
        1,
        1,
        1,
        null,
        null
      ],
      "/Users/JoshuaRinard/Desktop/stackoverflow_rails-master/spec/features/create_user_pages_spec.rb": [
        1,
        null,
        1,
        1,
        1,
        1,
        1,
        1,
        1,
        1,
        1,
        1,
        1,
        1,
        1,
        1,
        null,
        null
      ],
      "/Users/JoshuaRinard/Desktop/stackoverflow_rails-master/spec/features/question_pages_spec.rb": [
        1,
        null,
        1,
        1,
        1,
        1,
        1,
        1,
        1,
        1,
        1,
        null,
        null,
        null,
        1,
        1,
        1,
        1,
        1,
        1,
        1,
        1,
        1,
        1,
        null,
        null,
        null,
        1,
        1,
        1,
        1,
        1,
        1,
        1,
        1,
        1,
        1,
        1,
        1,
        null,
        null,
        null,
        1,
        1,
        1,
        1,
        1,
        1,
        1,
        1,
        1,
        1,
        1,
        1,
        1,
        1,
        1,
        1,
        null,
        null,
        null,
        1,
        1,
        1,
        1,
        1,
        1,
        1,
        1,
        1,
        1,
        1,
        1,
        1,
        1,
        null,
        null,
        null,
        1,
        1,
        1,
        1,
        1,
        1,
        1,
        1,
        null,
        null
      ],
      "/Users/JoshuaRinard/Desktop/stackoverflow_rails-master/spec/models/answer_spec.rb": [
        1,
        null,
        1,
        2,
        2,
        2,
        null
      ],
      "/Users/JoshuaRinard/Desktop/stackoverflow_rails-master/spec/models/question_spec.rb": [
        1,
        null,
        1,
        2,
        2,
        null
      ],
      "/Users/JoshuaRinard/Desktop/stackoverflow_rails-master/spec/models/user_spec.rb": [
        1,
        null,
        1,
        2,
        2,
        null
      ]
    },
    "timestamp": 1487136726
  }
}
